The system is: Linux - 6.0.6-1-default - x86_64
Compiling the C compiler identification source file "CMakeCCompilerId.c" succeeded.
Compiler: /usr/bin/cc 
Build flags: 
Id flags:  

The output was:
0


Compilation of the C compiler identification source "CMakeCCompilerId.c" produced "a.out"

The C compiler identification is GNU, found in "/home/keit/projects/PlastikStyle/build/CMakeFiles/3.24.2/CompilerIdC/a.out"

Compiling the CXX compiler identification source file "CMakeCXXCompilerId.cpp" succeeded.
Compiler: /usr/bin/c++ 
Build flags: 
Id flags:  

The output was:
0


Compilation of the CXX compiler identification source "CMakeCXXCompilerId.cpp" produced "a.out"

The CXX compiler identification is GNU, found in "/home/keit/projects/PlastikStyle/build/CMakeFiles/3.24.2/CompilerIdCXX/a.out"

Detecting C compiler ABI info compiled with the following output:
Change Dir: /home/keit/projects/PlastikStyle/build/CMakeFiles/CMakeTmp

Run Build Command(s):/usr/bin/ninja cmTC_e4ba8 && [1/2] Building C object CMakeFiles/cmTC_e4ba8.dir/CMakeCCompilerABI.c.o
Using built-in specs.
COLLECT_GCC=/usr/bin/cc
OFFLOAD_TARGET_NAMES=nvptx-none:amdgcn-amdhsa
OFFLOAD_TARGET_DEFAULT=1
Target: x86_64-suse-linux
Configured with: ../configure --prefix=/usr --infodir=/usr/share/info --mandir=/usr/share/man --libdir=/usr/lib64 --libexecdir=/usr/lib64 --enable-languages=c,c++,objc,fortran,obj-c++,ada,go,d,jit --enable-offload-targets=nvptx-none,amdgcn-amdhsa, --enable-offload-defaulted --without-cuda-driver --enable-host-shared --enable-checking=release --disable-werror --with-gxx-include-dir=/usr/include/c++/12 --enable-ssp --disable-libssp --disable-libvtv --enable-cet=auto --disable-libcc1 --enable-plugin --with-bugurl=https://bugs.opensuse.org/ --with-pkgversion='SUSE Linux' --with-slibdir=/lib64 --with-system-zlib --enable-libstdcxx-allocator=new --disable-libstdcxx-pch --enable-libphobos --enable-version-specific-runtime-libs --with-gcc-major-version-only --enable-linker-build-id --enable-linux-futex --enable-gnu-indirect-function --program-suffix=-12 --without-system-libunwind --enable-multilib --with-arch-32=x86-64 --with-tune=generic --with-build-config=bootstrap-lto-lean --enable-link-mutex --build=x86_64-suse-linux --host=x86_64-suse-linux
Thread model: posix
Supported LTO compression algorithms: zlib zstd
gcc version 12.2.1 20221020 [revision 0aaef83351473e8f4eb774f8f999bbe87a4866d7] (SUSE Linux) 
COLLECT_GCC_OPTIONS='-v' '-o' 'CMakeFiles/cmTC_e4ba8.dir/CMakeCCompilerABI.c.o' '-c' '-mtune=generic' '-march=x86-64' '-dumpdir' 'CMakeFiles/cmTC_e4ba8.dir/'
 /usr/lib64/gcc/x86_64-suse-linux/12/cc1 -quiet -v /usr/share/cmake/Modules/CMakeCCompilerABI.c -quiet -dumpdir CMakeFiles/cmTC_e4ba8.dir/ -dumpbase CMakeCCompilerABI.c.c -dumpbase-ext .c -mtune=generic -march=x86-64 -version -o /tmp/ccuGfJvK.s
GNU C17 (SUSE Linux) version 12.2.1 20221020 [revision 0aaef83351473e8f4eb774f8f999bbe87a4866d7] (x86_64-suse-linux)
	compiled by GNU C version 12.2.1 20221020 [revision 0aaef83351473e8f4eb774f8f999bbe87a4866d7], GMP version 6.2.1, MPFR version 4.1.0-p7, MPC version 1.2.1, isl version isl-0.25-GMP

GGC heuristics: --param ggc-min-expand=100 --param ggc-min-heapsize=131072
#include "..." search starts here:
#include <...> search starts here:
 /usr/lib64/gcc/x86_64-suse-linux/12/include
 /usr/local/include
 /usr/lib64/gcc/x86_64-suse-linux/12/include-fixed
 /usr/lib64/gcc/x86_64-suse-linux/12/../../../../x86_64-suse-linux/include
 /usr/include
End of search list.
GNU C17 (SUSE Linux) version 12.2.1 20221020 [revision 0aaef83351473e8f4eb774f8f999bbe87a4866d7] (x86_64-suse-linux)
	compiled by GNU C version 12.2.1 20221020 [revision 0aaef83351473e8f4eb774f8f999bbe87a4866d7], GMP version 6.2.1, MPFR version 4.1.0-p7, MPC version 1.2.1, isl version isl-0.25-GMP

GGC heuristics: --param ggc-min-expand=100 --param ggc-min-heapsize=131072
Compiler executable checksum: 00000000000000000000000000000000
COLLECT_GCC_OPTIONS='-v' '-o' 'CMakeFiles/cmTC_e4ba8.dir/CMakeCCompilerABI.c.o' '-c' '-mtune=generic' '-march=x86-64' '-dumpdir' 'CMakeFiles/cmTC_e4ba8.dir/'
 /usr/lib64/gcc/x86_64-suse-linux/12/../../../../x86_64-suse-linux/bin/as -v --64 -o CMakeFiles/cmTC_e4ba8.dir/CMakeCCompilerABI.c.o /tmp/ccuGfJvK.s
GNU assembler version 2.39.0 (x86_64-suse-linux) using BFD version (GNU Binutils; openSUSE Tumbleweed) 2.39.0.20220810-1
COMPILER_PATH=/usr/lib64/gcc/x86_64-suse-linux/12/:/usr/lib64/gcc/x86_64-suse-linux/12/:/usr/lib64/gcc/x86_64-suse-linux/:/usr/lib64/gcc/x86_64-suse-linux/12/:/usr/lib64/gcc/x86_64-suse-linux/:/usr/lib64/gcc/x86_64-suse-linux/12/../../../../x86_64-suse-linux/bin/
LIBRARY_PATH=/usr/lib64/gcc/x86_64-suse-linux/12/:/usr/lib64/gcc/x86_64-suse-linux/12/../../../../lib64/:/lib/../lib64/:/usr/lib/../lib64/:/usr/lib64/gcc/x86_64-suse-linux/12/../../../../x86_64-suse-linux/lib/:/usr/lib64/gcc/x86_64-suse-linux/12/../../../:/lib/:/usr/lib/
COLLECT_GCC_OPTIONS='-v' '-o' 'CMakeFiles/cmTC_e4ba8.dir/CMakeCCompilerABI.c.o' '-c' '-mtune=generic' '-march=x86-64' '-dumpdir' 'CMakeFiles/cmTC_e4ba8.dir/CMakeCCompilerABI.c.'
[2/2] Linking C executable cmTC_e4ba8
Using built-in specs.
COLLECT_GCC=/usr/bin/cc
COLLECT_LTO_WRAPPER=/usr/lib64/gcc/x86_64-suse-linux/12/lto-wrapper
OFFLOAD_TARGET_NAMES=nvptx-none:amdgcn-amdhsa
OFFLOAD_TARGET_DEFAULT=1
Target: x86_64-suse-linux
Configured with: ../configure --prefix=/usr --infodir=/usr/share/info --mandir=/usr/share/man --libdir=/usr/lib64 --libexecdir=/usr/lib64 --enable-languages=c,c++,objc,fortran,obj-c++,ada,go,d,jit --enable-offload-targets=nvptx-none,amdgcn-amdhsa, --enable-offload-defaulted --without-cuda-driver --enable-host-shared --enable-checking=release --disable-werror --with-gxx-include-dir=/usr/include/c++/12 --enable-ssp --disable-libssp --disable-libvtv --enable-cet=auto --disable-libcc1 --enable-plugin --with-bugurl=https://bugs.opensuse.org/ --with-pkgversion='SUSE Linux' --with-slibdir=/lib64 --with-system-zlib --enable-libstdcxx-allocator=new --disable-libstdcxx-pch --enable-libphobos --enable-version-specific-runtime-libs --with-gcc-major-version-only --enable-linker-build-id --enable-linux-futex --enable-gnu-indirect-function --program-suffix=-12 --without-system-libunwind --enable-multilib --with-arch-32=x86-64 --with-tune=generic --with-build-config=bootstrap-lto-lean --enable-link-mutex --build=x86_64-suse-linux --host=x86_64-suse-linux
Thread model: posix
Supported LTO compression algorithms: zlib zstd
gcc version 12.2.1 20221020 [revision 0aaef83351473e8f4eb774f8f999bbe87a4866d7] (SUSE Linux) 
COMPILER_PATH=/usr/lib64/gcc/x86_64-suse-linux/12/:/usr/lib64/gcc/x86_64-suse-linux/12/:/usr/lib64/gcc/x86_64-suse-linux/:/usr/lib64/gcc/x86_64-suse-linux/12/:/usr/lib64/gcc/x86_64-suse-linux/:/usr/lib64/gcc/x86_64-suse-linux/12/../../../../x86_64-suse-linux/bin/
LIBRARY_PATH=/usr/lib64/gcc/x86_64-suse-linux/12/:/usr/lib64/gcc/x86_64-suse-linux/12/../../../../lib64/:/lib/../lib64/:/usr/lib/../lib64/:/usr/lib64/gcc/x86_64-suse-linux/12/../../../../x86_64-suse-linux/lib/:/usr/lib64/gcc/x86_64-suse-linux/12/../../../:/lib/:/usr/lib/
COLLECT_GCC_OPTIONS='-v' '-o' 'cmTC_e4ba8' '-mtune=generic' '-march=x86-64' '-dumpdir' 'cmTC_e4ba8.'
 /usr/lib64/gcc/x86_64-suse-linux/12/collect2 -plugin /usr/lib64/gcc/x86_64-suse-linux/12/liblto_plugin.so -plugin-opt=/usr/lib64/gcc/x86_64-suse-linux/12/lto-wrapper -plugin-opt=-fresolution=/tmp/cc6jD9sg.res -plugin-opt=-pass-through=-lgcc -plugin-opt=-pass-through=-lgcc_s -plugin-opt=-pass-through=-lc -plugin-opt=-pass-through=-lgcc -plugin-opt=-pass-through=-lgcc_s --build-id --eh-frame-hdr -m elf_x86_64 -dynamic-linker /lib64/ld-linux-x86-64.so.2 -o cmTC_e4ba8 /usr/lib64/gcc/x86_64-suse-linux/12/../../../../lib64/crt1.o /usr/lib64/gcc/x86_64-suse-linux/12/../../../../lib64/crti.o /usr/lib64/gcc/x86_64-suse-linux/12/crtbegin.o -L/usr/lib64/gcc/x86_64-suse-linux/12 -L/usr/lib64/gcc/x86_64-suse-linux/12/../../../../lib64 -L/lib/../lib64 -L/usr/lib/../lib64 -L/usr/lib64/gcc/x86_64-suse-linux/12/../../../../x86_64-suse-linux/lib -L/usr/lib64/gcc/x86_64-suse-linux/12/../../.. CMakeFiles/cmTC_e4ba8.dir/CMakeCCompilerABI.c.o -lgcc --push-state --as-needed -lgcc_s --pop-state -lc -lgcc --push-state --as-needed -lgcc_s --pop-state /usr/lib64/gcc/x86_64-suse-linux/12/crtend.o /usr/lib64/gcc/x86_64-suse-linux/12/../../../../lib64/crtn.o
COLLECT_GCC_OPTIONS='-v' '-o' 'cmTC_e4ba8' '-mtune=generic' '-march=x86-64' '-dumpdir' 'cmTC_e4ba8.'



Parsed C implicit include dir info from above output: rv=done
  found start of include info
  found start of implicit include info
    add: [/usr/lib64/gcc/x86_64-suse-linux/12/include]
    add: [/usr/local/include]
    add: [/usr/lib64/gcc/x86_64-suse-linux/12/include-fixed]
    add: [/usr/lib64/gcc/x86_64-suse-linux/12/../../../../x86_64-suse-linux/include]
    add: [/usr/include]
  end of search list found
  collapse include dir [/usr/lib64/gcc/x86_64-suse-linux/12/include] ==> [/usr/lib64/gcc/x86_64-suse-linux/12/include]
  collapse include dir [/usr/local/include] ==> [/usr/local/include]
  collapse include dir [/usr/lib64/gcc/x86_64-suse-linux/12/include-fixed] ==> [/usr/lib64/gcc/x86_64-suse-linux/12/include-fixed]
  collapse include dir [/usr/lib64/gcc/x86_64-suse-linux/12/../../../../x86_64-suse-linux/include] ==> [/usr/x86_64-suse-linux/include]
  collapse include dir [/usr/include] ==> [/usr/include]
  implicit include dirs: [/usr/lib64/gcc/x86_64-suse-linux/12/include;/usr/local/include;/usr/lib64/gcc/x86_64-suse-linux/12/include-fixed;/usr/x86_64-suse-linux/include;/usr/include]


Parsed C implicit link information from above output:
  link line regex: [^( *|.*[/\])(ld|CMAKE_LINK_STARTFILE-NOTFOUND|([^/\]+-)?ld|collect2)[^/\]*( |$)]
  ignore line: [Change Dir: /home/keit/projects/PlastikStyle/build/CMakeFiles/CMakeTmp]
  ignore line: []
  ignore line: [Run Build Command(s):/usr/bin/ninja cmTC_e4ba8 && [1/2] Building C object CMakeFiles/cmTC_e4ba8.dir/CMakeCCompilerABI.c.o]
  ignore line: [Using built-in specs.]
  ignore line: [COLLECT_GCC=/usr/bin/cc]
  ignore line: [OFFLOAD_TARGET_NAMES=nvptx-none:amdgcn-amdhsa]
  ignore line: [OFFLOAD_TARGET_DEFAULT=1]
  ignore line: [Target: x86_64-suse-linux]
  ignore line: [Configured with: ../configure --prefix=/usr --infodir=/usr/share/info --mandir=/usr/share/man --libdir=/usr/lib64 --libexecdir=/usr/lib64 --enable-languages=c c++ objc fortran obj-c++ ada go d jit --enable-offload-targets=nvptx-none amdgcn-amdhsa  --enable-offload-defaulted --without-cuda-driver --enable-host-shared --enable-checking=release --disable-werror --with-gxx-include-dir=/usr/include/c++/12 --enable-ssp --disable-libssp --disable-libvtv --enable-cet=auto --disable-libcc1 --enable-plugin --with-bugurl=https://bugs.opensuse.org/ --with-pkgversion='SUSE Linux' --with-slibdir=/lib64 --with-system-zlib --enable-libstdcxx-allocator=new --disable-libstdcxx-pch --enable-libphobos --enable-version-specific-runtime-libs --with-gcc-major-version-only --enable-linker-build-id --enable-linux-futex --enable-gnu-indirect-function --program-suffix=-12 --without-system-libunwind --enable-multilib --with-arch-32=x86-64 --with-tune=generic --with-build-config=bootstrap-lto-lean --enable-link-mutex --build=x86_64-suse-linux --host=x86_64-suse-linux]
  ignore line: [Thread model: posix]
  ignore line: [Supported LTO compression algorithms: zlib zstd]
  ignore line: [gcc version 12.2.1 20221020 [revision 0aaef83351473e8f4eb774f8f999bbe87a4866d7] (SUSE Linux) ]
  ignore line: [COLLECT_GCC_OPTIONS='-v' '-o' 'CMakeFiles/cmTC_e4ba8.dir/CMakeCCompilerABI.c.o' '-c' '-mtune=generic' '-march=x86-64' '-dumpdir' 'CMakeFiles/cmTC_e4ba8.dir/']
  ignore line: [ /usr/lib64/gcc/x86_64-suse-linux/12/cc1 -quiet -v /usr/share/cmake/Modules/CMakeCCompilerABI.c -quiet -dumpdir CMakeFiles/cmTC_e4ba8.dir/ -dumpbase CMakeCCompilerABI.c.c -dumpbase-ext .c -mtune=generic -march=x86-64 -version -o /tmp/ccuGfJvK.s]
  ignore line: [GNU C17 (SUSE Linux) version 12.2.1 20221020 [revision 0aaef83351473e8f4eb774f8f999bbe87a4866d7] (x86_64-suse-linux)]
  ignore line: [	compiled by GNU C version 12.2.1 20221020 [revision 0aaef83351473e8f4eb774f8f999bbe87a4866d7]  GMP version 6.2.1  MPFR version 4.1.0-p7  MPC version 1.2.1  isl version isl-0.25-GMP]
  ignore line: []
  ignore line: [GGC heuristics: --param ggc-min-expand=100 --param ggc-min-heapsize=131072]
  ignore line: [#include "..." search starts here:]
  ignore line: [#include <...> search starts here:]
  ignore line: [ /usr/lib64/gcc/x86_64-suse-linux/12/include]
  ignore line: [ /usr/local/include]
  ignore line: [ /usr/lib64/gcc/x86_64-suse-linux/12/include-fixed]
  ignore line: [ /usr/lib64/gcc/x86_64-suse-linux/12/../../../../x86_64-suse-linux/include]
  ignore line: [ /usr/include]
  ignore line: [End of search list.]
  ignore line: [GNU C17 (SUSE Linux) version 12.2.1 20221020 [revision 0aaef83351473e8f4eb774f8f999bbe87a4866d7] (x86_64-suse-linux)]
  ignore line: [	compiled by GNU C version 12.2.1 20221020 [revision 0aaef83351473e8f4eb774f8f999bbe87a4866d7]  GMP version 6.2.1  MPFR version 4.1.0-p7  MPC version 1.2.1  isl version isl-0.25-GMP]
  ignore line: []
  ignore line: [GGC heuristics: --param ggc-min-expand=100 --param ggc-min-heapsize=131072]
  ignore line: [Compiler executable checksum: 00000000000000000000000000000000]
  ignore line: [COLLECT_GCC_OPTIONS='-v' '-o' 'CMakeFiles/cmTC_e4ba8.dir/CMakeCCompilerABI.c.o' '-c' '-mtune=generic' '-march=x86-64' '-dumpdir' 'CMakeFiles/cmTC_e4ba8.dir/']
  ignore line: [ /usr/lib64/gcc/x86_64-suse-linux/12/../../../../x86_64-suse-linux/bin/as -v --64 -o CMakeFiles/cmTC_e4ba8.dir/CMakeCCompilerABI.c.o /tmp/ccuGfJvK.s]
  ignore line: [GNU assembler version 2.39.0 (x86_64-suse-linux) using BFD version (GNU Binutils]
  ignore line: [ openSUSE Tumbleweed) 2.39.0.20220810-1]
  ignore line: [COMPILER_PATH=/usr/lib64/gcc/x86_64-suse-linux/12/:/usr/lib64/gcc/x86_64-suse-linux/12/:/usr/lib64/gcc/x86_64-suse-linux/:/usr/lib64/gcc/x86_64-suse-linux/12/:/usr/lib64/gcc/x86_64-suse-linux/:/usr/lib64/gcc/x86_64-suse-linux/12/../../../../x86_64-suse-linux/bin/]
  ignore line: [LIBRARY_PATH=/usr/lib64/gcc/x86_64-suse-linux/12/:/usr/lib64/gcc/x86_64-suse-linux/12/../../../../lib64/:/lib/../lib64/:/usr/lib/../lib64/:/usr/lib64/gcc/x86_64-suse-linux/12/../../../../x86_64-suse-linux/lib/:/usr/lib64/gcc/x86_64-suse-linux/12/../../../:/lib/:/usr/lib/]
  ignore line: [COLLECT_GCC_OPTIONS='-v' '-o' 'CMakeFiles/cmTC_e4ba8.dir/CMakeCCompilerABI.c.o' '-c' '-mtune=generic' '-march=x86-64' '-dumpdir' 'CMakeFiles/cmTC_e4ba8.dir/CMakeCCompilerABI.c.']
  ignore line: [[2/2] Linking C executable cmTC_e4ba8]
  ignore line: [Using built-in specs.]
  ignore line: [COLLECT_GCC=/usr/bin/cc]
  ignore line: [COLLECT_LTO_WRAPPER=/usr/lib64/gcc/x86_64-suse-linux/12/lto-wrapper]
  ignore line: [OFFLOAD_TARGET_NAMES=nvptx-none:amdgcn-amdhsa]
  ignore line: [OFFLOAD_TARGET_DEFAULT=1]
  ignore line: [Target: x86_64-suse-linux]
  ignore line: [Configured with: ../configure --prefix=/usr --infodir=/usr/share/info --mandir=/usr/share/man --libdir=/usr/lib64 --libexecdir=/usr/lib64 --enable-languages=c c++ objc fortran obj-c++ ada go d jit --enable-offload-targets=nvptx-none amdgcn-amdhsa  --enable-offload-defaulted --without-cuda-driver --enable-host-shared --enable-checking=release --disable-werror --with-gxx-include-dir=/usr/include/c++/12 --enable-ssp --disable-libssp --disable-libvtv --enable-cet=auto --disable-libcc1 --enable-plugin --with-bugurl=https://bugs.opensuse.org/ --with-pkgversion='SUSE Linux' --with-slibdir=/lib64 --with-system-zlib --enable-libstdcxx-allocator=new --disable-libstdcxx-pch --enable-libphobos --enable-version-specific-runtime-libs --with-gcc-major-version-only --enable-linker-build-id --enable-linux-futex --enable-gnu-indirect-function --program-suffix=-12 --without-system-libunwind --enable-multilib --with-arch-32=x86-64 --with-tune=generic --with-build-config=bootstrap-lto-lean --enable-link-mutex --build=x86_64-suse-linux --host=x86_64-suse-linux]
  ignore line: [Thread model: posix]
  ignore line: [Supported LTO compression algorithms: zlib zstd]
  ignore line: [gcc version 12.2.1 20221020 [revision 0aaef83351473e8f4eb774f8f999bbe87a4866d7] (SUSE Linux) ]
  ignore line: [COMPILER_PATH=/usr/lib64/gcc/x86_64-suse-linux/12/:/usr/lib64/gcc/x86_64-suse-linux/12/:/usr/lib64/gcc/x86_64-suse-linux/:/usr/lib64/gcc/x86_64-suse-linux/12/:/usr/lib64/gcc/x86_64-suse-linux/:/usr/lib64/gcc/x86_64-suse-linux/12/../../../../x86_64-suse-linux/bin/]
  ignore line: [LIBRARY_PATH=/usr/lib64/gcc/x86_64-suse-linux/12/:/usr/lib64/gcc/x86_64-suse-linux/12/../../../../lib64/:/lib/../lib64/:/usr/lib/../lib64/:/usr/lib64/gcc/x86_64-suse-linux/12/../../../../x86_64-suse-linux/lib/:/usr/lib64/gcc/x86_64-suse-linux/12/../../../:/lib/:/usr/lib/]
  ignore line: [COLLECT_GCC_OPTIONS='-v' '-o' 'cmTC_e4ba8' '-mtune=generic' '-march=x86-64' '-dumpdir' 'cmTC_e4ba8.']
  link line: [ /usr/lib64/gcc/x86_64-suse-linux/12/collect2 -plugin /usr/lib64/gcc/x86_64-suse-linux/12/liblto_plugin.so -plugin-opt=/usr/lib64/gcc/x86_64-suse-linux/12/lto-wrapper -plugin-opt=-fresolution=/tmp/cc6jD9sg.res -plugin-opt=-pass-through=-lgcc -plugin-opt=-pass-through=-lgcc_s -plugin-opt=-pass-through=-lc -plugin-opt=-pass-through=-lgcc -plugin-opt=-pass-through=-lgcc_s --build-id --eh-frame-hdr -m elf_x86_64 -dynamic-linker /lib64/ld-linux-x86-64.so.2 -o cmTC_e4ba8 /usr/lib64/gcc/x86_64-suse-linux/12/../../../../lib64/crt1.o /usr/lib64/gcc/x86_64-suse-linux/12/../../../../lib64/crti.o /usr/lib64/gcc/x86_64-suse-linux/12/crtbegin.o -L/usr/lib64/gcc/x86_64-suse-linux/12 -L/usr/lib64/gcc/x86_64-suse-linux/12/../../../../lib64 -L/lib/../lib64 -L/usr/lib/../lib64 -L/usr/lib64/gcc/x86_64-suse-linux/12/../../../../x86_64-suse-linux/lib -L/usr/lib64/gcc/x86_64-suse-linux/12/../../.. CMakeFiles/cmTC_e4ba8.dir/CMakeCCompilerABI.c.o -lgcc --push-state --as-needed -lgcc_s --pop-state -lc -lgcc --push-state --as-needed -lgcc_s --pop-state /usr/lib64/gcc/x86_64-suse-linux/12/crtend.o /usr/lib64/gcc/x86_64-suse-linux/12/../../../../lib64/crtn.o]
    arg [/usr/lib64/gcc/x86_64-suse-linux/12/collect2] ==> ignore
    arg [-plugin] ==> ignore
    arg [/usr/lib64/gcc/x86_64-suse-linux/12/liblto_plugin.so] ==> ignore
    arg [-plugin-opt=/usr/lib64/gcc/x86_64-suse-linux/12/lto-wrapper] ==> ignore
    arg [-plugin-opt=-fresolution=/tmp/cc6jD9sg.res] ==> ignore
    arg [-plugin-opt=-pass-through=-lgcc] ==> ignore
    arg [-plugin-opt=-pass-through=-lgcc_s] ==> ignore
    arg [-plugin-opt=-pass-through=-lc] ==> ignore
    arg [-plugin-opt=-pass-through=-lgcc] ==> ignore
    arg [-plugin-opt=-pass-through=-lgcc_s] ==> ignore
    arg [--build-id] ==> ignore
    arg [--eh-frame-hdr] ==> ignore
    arg [-m] ==> ignore
    arg [elf_x86_64] ==> ignore
    arg [-dynamic-linker] ==> ignore
    arg [/lib64/ld-linux-x86-64.so.2] ==> ignore
    arg [-o] ==> ignore
    arg [cmTC_e4ba8] ==> ignore
    arg [/usr/lib64/gcc/x86_64-suse-linux/12/../../../../lib64/crt1.o] ==> obj [/usr/lib64/gcc/x86_64-suse-linux/12/../../../../lib64/crt1.o]
    arg [/usr/lib64/gcc/x86_64-suse-linux/12/../../../../lib64/crti.o] ==> obj [/usr/lib64/gcc/x86_64-suse-linux/12/../../../../lib64/crti.o]
    arg [/usr/lib64/gcc/x86_64-suse-linux/12/crtbegin.o] ==> obj [/usr/lib64/gcc/x86_64-suse-linux/12/crtbegin.o]
    arg [-L/usr/lib64/gcc/x86_64-suse-linux/12] ==> dir [/usr/lib64/gcc/x86_64-suse-linux/12]
    arg [-L/usr/lib64/gcc/x86_64-suse-linux/12/../../../../lib64] ==> dir [/usr/lib64/gcc/x86_64-suse-linux/12/../../../../lib64]
    arg [-L/lib/../lib64] ==> dir [/lib/../lib64]
    arg [-L/usr/lib/../lib64] ==> dir [/usr/lib/../lib64]
    arg [-L/usr/lib64/gcc/x86_64-suse-linux/12/../../../../x86_64-suse-linux/lib] ==> dir [/usr/lib64/gcc/x86_64-suse-linux/12/../../../../x86_64-suse-linux/lib]
    arg [-L/usr/lib64/gcc/x86_64-suse-linux/12/../../..] ==> dir [/usr/lib64/gcc/x86_64-suse-linux/12/../../..]
    arg [CMakeFiles/cmTC_e4ba8.dir/CMakeCCompilerABI.c.o] ==> ignore
    arg [-lgcc] ==> lib [gcc]
    arg [--push-state] ==> ignore
    arg [--as-needed] ==> ignore
    arg [-lgcc_s] ==> lib [gcc_s]
    arg [--pop-state] ==> ignore
    arg [-lc] ==> lib [c]
    arg [-lgcc] ==> lib [gcc]
    arg [--push-state] ==> ignore
    arg [--as-needed] ==> ignore
    arg [-lgcc_s] ==> lib [gcc_s]
    arg [--pop-state] ==> ignore
    arg [/usr/lib64/gcc/x86_64-suse-linux/12/crtend.o] ==> obj [/usr/lib64/gcc/x86_64-suse-linux/12/crtend.o]
    arg [/usr/lib64/gcc/x86_64-suse-linux/12/../../../../lib64/crtn.o] ==> obj [/usr/lib64/gcc/x86_64-suse-linux/12/../../../../lib64/crtn.o]
  collapse obj [/usr/lib64/gcc/x86_64-suse-linux/12/../../../../lib64/crt1.o] ==> [/usr/lib64/crt1.o]
  collapse obj [/usr/lib64/gcc/x86_64-suse-linux/12/../../../../lib64/crti.o] ==> [/usr/lib64/crti.o]
  collapse obj [/usr/lib64/gcc/x86_64-suse-linux/12/../../../../lib64/crtn.o] ==> [/usr/lib64/crtn.o]
  collapse library dir [/usr/lib64/gcc/x86_64-suse-linux/12] ==> [/usr/lib64/gcc/x86_64-suse-linux/12]
  collapse library dir [/usr/lib64/gcc/x86_64-suse-linux/12/../../../../lib64] ==> [/usr/lib64]
  collapse library dir [/lib/../lib64] ==> [/lib64]
  collapse library dir [/usr/lib/../lib64] ==> [/usr/lib64]
  collapse library dir [/usr/lib64/gcc/x86_64-suse-linux/12/../../../../x86_64-suse-linux/lib] ==> [/usr/x86_64-suse-linux/lib]
  collapse library dir [/usr/lib64/gcc/x86_64-suse-linux/12/../../..] ==> [/usr/lib64]
  implicit libs: [gcc;gcc_s;c;gcc;gcc_s]
  implicit objs: [/usr/lib64/crt1.o;/usr/lib64/crti.o;/usr/lib64/gcc/x86_64-suse-linux/12/crtbegin.o;/usr/lib64/gcc/x86_64-suse-linux/12/crtend.o;/usr/lib64/crtn.o]
  implicit dirs: [/usr/lib64/gcc/x86_64-suse-linux/12;/usr/lib64;/lib64;/usr/x86_64-suse-linux/lib]
  implicit fwks: []


Detecting CXX compiler ABI info compiled with the following output:
Change Dir: /home/keit/projects/PlastikStyle/build/CMakeFiles/CMakeTmp

Run Build Command(s):/usr/bin/ninja cmTC_160c0 && [1/2] Building CXX object CMakeFiles/cmTC_160c0.dir/CMakeCXXCompilerABI.cpp.o
Using built-in specs.
COLLECT_GCC=/usr/bin/c++
OFFLOAD_TARGET_NAMES=nvptx-none:amdgcn-amdhsa
OFFLOAD_TARGET_DEFAULT=1
Target: x86_64-suse-linux
Configured with: ../configure --prefix=/usr --infodir=/usr/share/info --mandir=/usr/share/man --libdir=/usr/lib64 --libexecdir=/usr/lib64 --enable-languages=c,c++,objc,fortran,obj-c++,ada,go,d,jit --enable-offload-targets=nvptx-none,amdgcn-amdhsa, --enable-offload-defaulted --without-cuda-driver --enable-host-shared --enable-checking=release --disable-werror --with-gxx-include-dir=/usr/include/c++/12 --enable-ssp --disable-libssp --disable-libvtv --enable-cet=auto --disable-libcc1 --enable-plugin --with-bugurl=https://bugs.opensuse.org/ --with-pkgversion='SUSE Linux' --with-slibdir=/lib64 --with-system-zlib --enable-libstdcxx-allocator=new --disable-libstdcxx-pch --enable-libphobos --enable-version-specific-runtime-libs --with-gcc-major-version-only --enable-linker-build-id --enable-linux-futex --enable-gnu-indirect-function --program-suffix=-12 --without-system-libunwind --enable-multilib --with-arch-32=x86-64 --with-tune=generic --with-build-config=bootstrap-lto-lean --enable-link-mutex --build=x86_64-suse-linux --host=x86_64-suse-linux
Thread model: posix
Supported LTO compression algorithms: zlib zstd
gcc version 12.2.1 20221020 [revision 0aaef83351473e8f4eb774f8f999bbe87a4866d7] (SUSE Linux) 
COLLECT_GCC_OPTIONS='-v' '-o' 'CMakeFiles/cmTC_160c0.dir/CMakeCXXCompilerABI.cpp.o' '-c' '-shared-libgcc' '-mtune=generic' '-march=x86-64' '-dumpdir' 'CMakeFiles/cmTC_160c0.dir/'
 /usr/lib64/gcc/x86_64-suse-linux/12/cc1plus -quiet -v -D_GNU_SOURCE /usr/share/cmake/Modules/CMakeCXXCompilerABI.cpp -quiet -dumpdir CMakeFiles/cmTC_160c0.dir/ -dumpbase CMakeCXXCompilerABI.cpp.cpp -dumpbase-ext .cpp -mtune=generic -march=x86-64 -version -o /tmp/cchsbwAb.s
GNU C++17 (SUSE Linux) version 12.2.1 20221020 [revision 0aaef83351473e8f4eb774f8f999bbe87a4866d7] (x86_64-suse-linux)
	compiled by GNU C version 12.2.1 20221020 [revision 0aaef83351473e8f4eb774f8f999bbe87a4866d7], GMP version 6.2.1, MPFR version 4.1.0-p7, MPC version 1.2.1, isl version isl-0.25-GMP

GGC heuristics: --param ggc-min-expand=100 --param ggc-min-heapsize=131072
#include "..." search starts here:
#include <...> search starts here:
 /usr/include/c++/12
 /usr/include/c++/12/x86_64-suse-linux
 /usr/include/c++/12/backward
 /usr/lib64/gcc/x86_64-suse-linux/12/include
 /usr/local/include
 /usr/lib64/gcc/x86_64-suse-linux/12/include-fixed
 /usr/lib64/gcc/x86_64-suse-linux/12/../../../../x86_64-suse-linux/include
 /usr/include
End of search list.
GNU C++17 (SUSE Linux) version 12.2.1 20221020 [revision 0aaef83351473e8f4eb774f8f999bbe87a4866d7] (x86_64-suse-linux)
	compiled by GNU C version 12.2.1 20221020 [revision 0aaef83351473e8f4eb774f8f999bbe87a4866d7], GMP version 6.2.1, MPFR version 4.1.0-p7, MPC version 1.2.1, isl version isl-0.25-GMP

GGC heuristics: --param ggc-min-expand=100 --param ggc-min-heapsize=131072
Compiler executable checksum: 00000000000000000000000000000000
COLLECT_GCC_OPTIONS='-v' '-o' 'CMakeFiles/cmTC_160c0.dir/CMakeCXXCompilerABI.cpp.o' '-c' '-shared-libgcc' '-mtune=generic' '-march=x86-64' '-dumpdir' 'CMakeFiles/cmTC_160c0.dir/'
 /usr/lib64/gcc/x86_64-suse-linux/12/../../../../x86_64-suse-linux/bin/as -v --64 -o CMakeFiles/cmTC_160c0.dir/CMakeCXXCompilerABI.cpp.o /tmp/cchsbwAb.s
GNU assembler version 2.39.0 (x86_64-suse-linux) using BFD version (GNU Binutils; openSUSE Tumbleweed) 2.39.0.20220810-1
COMPILER_PATH=/usr/lib64/gcc/x86_64-suse-linux/12/:/usr/lib64/gcc/x86_64-suse-linux/12/:/usr/lib64/gcc/x86_64-suse-linux/:/usr/lib64/gcc/x86_64-suse-linux/12/:/usr/lib64/gcc/x86_64-suse-linux/:/usr/lib64/gcc/x86_64-suse-linux/12/../../../../x86_64-suse-linux/bin/
LIBRARY_PATH=/usr/lib64/gcc/x86_64-suse-linux/12/:/usr/lib64/gcc/x86_64-suse-linux/12/../../../../lib64/:/lib/../lib64/:/usr/lib/../lib64/:/usr/lib64/gcc/x86_64-suse-linux/12/../../../../x86_64-suse-linux/lib/:/usr/lib64/gcc/x86_64-suse-linux/12/../../../:/lib/:/usr/lib/
COLLECT_GCC_OPTIONS='-v' '-o' 'CMakeFiles/cmTC_160c0.dir/CMakeCXXCompilerABI.cpp.o' '-c' '-shared-libgcc' '-mtune=generic' '-march=x86-64' '-dumpdir' 'CMakeFiles/cmTC_160c0.dir/CMakeCXXCompilerABI.cpp.'
[2/2] Linking CXX executable cmTC_160c0
Using built-in specs.
COLLECT_GCC=/usr/bin/c++
COLLECT_LTO_WRAPPER=/usr/lib64/gcc/x86_64-suse-linux/12/lto-wrapper
OFFLOAD_TARGET_NAMES=nvptx-none:amdgcn-amdhsa
OFFLOAD_TARGET_DEFAULT=1
Target: x86_64-suse-linux
Configured with: ../configure --prefix=/usr --infodir=/usr/share/info --mandir=/usr/share/man --libdir=/usr/lib64 --libexecdir=/usr/lib64 --enable-languages=c,c++,objc,fortran,obj-c++,ada,go,d,jit --enable-offload-targets=nvptx-none,amdgcn-amdhsa, --enable-offload-defaulted --without-cuda-driver --enable-host-shared --enable-checking=release --disable-werror --with-gxx-include-dir=/usr/include/c++/12 --enable-ssp --disable-libssp --disable-libvtv --enable-cet=auto --disable-libcc1 --enable-plugin --with-bugurl=https://bugs.opensuse.org/ --with-pkgversion='SUSE Linux' --with-slibdir=/lib64 --with-system-zlib --enable-libstdcxx-allocator=new --disable-libstdcxx-pch --enable-libphobos --enable-version-specific-runtime-libs --with-gcc-major-version-only --enable-linker-build-id --enable-linux-futex --enable-gnu-indirect-function --program-suffix=-12 --without-system-libunwind --enable-multilib --with-arch-32=x86-64 --with-tune=generic --with-build-config=bootstrap-lto-lean --enable-link-mutex --build=x86_64-suse-linux --host=x86_64-suse-linux
Thread model: posix
Supported LTO compression algorithms: zlib zstd
gcc version 12.2.1 20221020 [revision 0aaef83351473e8f4eb774f8f999bbe87a4866d7] (SUSE Linux) 
COMPILER_PATH=/usr/lib64/gcc/x86_64-suse-linux/12/:/usr/lib64/gcc/x86_64-suse-linux/12/:/usr/lib64/gcc/x86_64-suse-linux/:/usr/lib64/gcc/x86_64-suse-linux/12/:/usr/lib64/gcc/x86_64-suse-linux/:/usr/lib64/gcc/x86_64-suse-linux/12/../../../../x86_64-suse-linux/bin/
LIBRARY_PATH=/usr/lib64/gcc/x86_64-suse-linux/12/:/usr/lib64/gcc/x86_64-suse-linux/12/../../../../lib64/:/lib/../lib64/:/usr/lib/../lib64/:/usr/lib64/gcc/x86_64-suse-linux/12/../../../../x86_64-suse-linux/lib/:/usr/lib64/gcc/x86_64-suse-linux/12/../../../:/lib/:/usr/lib/
COLLECT_GCC_OPTIONS='-v' '-o' 'cmTC_160c0' '-shared-libgcc' '-mtune=generic' '-march=x86-64' '-dumpdir' 'cmTC_160c0.'
 /usr/lib64/gcc/x86_64-suse-linux/12/collect2 -plugin /usr/lib64/gcc/x86_64-suse-linux/12/liblto_plugin.so -plugin-opt=/usr/lib64/gcc/x86_64-suse-linux/12/lto-wrapper -plugin-opt=-fresolution=/tmp/ccZI7Ivk.res -plugin-opt=-pass-through=-lgcc_s -plugin-opt=-pass-through=-lgcc -plugin-opt=-pass-through=-lc -plugin-opt=-pass-through=-lgcc_s -plugin-opt=-pass-through=-lgcc --build-id --eh-frame-hdr -m elf_x86_64 -dynamic-linker /lib64/ld-linux-x86-64.so.2 -o cmTC_160c0 /usr/lib64/gcc/x86_64-suse-linux/12/../../../../lib64/crt1.o /usr/lib64/gcc/x86_64-suse-linux/12/../../../../lib64/crti.o /usr/lib64/gcc/x86_64-suse-linux/12/crtbegin.o -L/usr/lib64/gcc/x86_64-suse-linux/12 -L/usr/lib64/gcc/x86_64-suse-linux/12/../../../../lib64 -L/lib/../lib64 -L/usr/lib/../lib64 -L/usr/lib64/gcc/x86_64-suse-linux/12/../../../../x86_64-suse-linux/lib -L/usr/lib64/gcc/x86_64-suse-linux/12/../../.. CMakeFiles/cmTC_160c0.dir/CMakeCXXCompilerABI.cpp.o -lstdc++ -lm -lgcc_s -lgcc -lc -lgcc_s -lgcc /usr/lib64/gcc/x86_64-suse-linux/12/crtend.o /usr/lib64/gcc/x86_64-suse-linux/12/../../../../lib64/crtn.o
COLLECT_GCC_OPTIONS='-v' '-o' 'cmTC_160c0' '-shared-libgcc' '-mtune=generic' '-march=x86-64' '-dumpdir' 'cmTC_160c0.'



Parsed CXX implicit include dir info from above output: rv=done
  found start of include info
  found start of implicit include info
    add: [/usr/include/c++/12]
    add: [/usr/include/c++/12/x86_64-suse-linux]
    add: [/usr/include/c++/12/backward]
    add: [/usr/lib64/gcc/x86_64-suse-linux/12/include]
    add: [/usr/local/include]
    add: [/usr/lib64/gcc/x86_64-suse-linux/12/include-fixed]
    add: [/usr/lib64/gcc/x86_64-suse-linux/12/../../../../x86_64-suse-linux/include]
    add: [/usr/include]
  end of search list found
  collapse include dir [/usr/include/c++/12] ==> [/usr/include/c++/12]
  collapse include dir [/usr/include/c++/12/x86_64-suse-linux] ==> [/usr/include/c++/12/x86_64-suse-linux]
  collapse include dir [/usr/include/c++/12/backward] ==> [/usr/include/c++/12/backward]
  collapse include dir [/usr/lib64/gcc/x86_64-suse-linux/12/include] ==> [/usr/lib64/gcc/x86_64-suse-linux/12/include]
  collapse include dir [/usr/local/include] ==> [/usr/local/include]
  collapse include dir [/usr/lib64/gcc/x86_64-suse-linux/12/include-fixed] ==> [/usr/lib64/gcc/x86_64-suse-linux/12/include-fixed]
  collapse include dir [/usr/lib64/gcc/x86_64-suse-linux/12/../../../../x86_64-suse-linux/include] ==> [/usr/x86_64-suse-linux/include]
  collapse include dir [/usr/include] ==> [/usr/include]
  implicit include dirs: [/usr/include/c++/12;/usr/include/c++/12/x86_64-suse-linux;/usr/include/c++/12/backward;/usr/lib64/gcc/x86_64-suse-linux/12/include;/usr/local/include;/usr/lib64/gcc/x86_64-suse-linux/12/include-fixed;/usr/x86_64-suse-linux/include;/usr/include]


Parsed CXX implicit link information from above output:
  link line regex: [^( *|.*[/\])(ld|CMAKE_LINK_STARTFILE-NOTFOUND|([^/\]+-)?ld|collect2)[^/\]*( |$)]
  ignore line: [Change Dir: /home/keit/projects/PlastikStyle/build/CMakeFiles/CMakeTmp]
  ignore line: []
  ignore line: [Run Build Command(s):/usr/bin/ninja cmTC_160c0 && [1/2] Building CXX object CMakeFiles/cmTC_160c0.dir/CMakeCXXCompilerABI.cpp.o]
  ignore line: [Using built-in specs.]
  ignore line: [COLLECT_GCC=/usr/bin/c++]
  ignore line: [OFFLOAD_TARGET_NAMES=nvptx-none:amdgcn-amdhsa]
  ignore line: [OFFLOAD_TARGET_DEFAULT=1]
  ignore line: [Target: x86_64-suse-linux]
  ignore line: [Configured with: ../configure --prefix=/usr --infodir=/usr/share/info --mandir=/usr/share/man --libdir=/usr/lib64 --libexecdir=/usr/lib64 --enable-languages=c c++ objc fortran obj-c++ ada go d jit --enable-offload-targets=nvptx-none amdgcn-amdhsa  --enable-offload-defaulted --without-cuda-driver --enable-host-shared --enable-checking=release --disable-werror --with-gxx-include-dir=/usr/include/c++/12 --enable-ssp --disable-libssp --disable-libvtv --enable-cet=auto --disable-libcc1 --enable-plugin --with-bugurl=https://bugs.opensuse.org/ --with-pkgversion='SUSE Linux' --with-slibdir=/lib64 --with-system-zlib --enable-libstdcxx-allocator=new --disable-libstdcxx-pch --enable-libphobos --enable-version-specific-runtime-libs --with-gcc-major-version-only --enable-linker-build-id --enable-linux-futex --enable-gnu-indirect-function --program-suffix=-12 --without-system-libunwind --enable-multilib --with-arch-32=x86-64 --with-tune=generic --with-build-config=bootstrap-lto-lean --enable-link-mutex --build=x86_64-suse-linux --host=x86_64-suse-linux]
  ignore line: [Thread model: posix]
  ignore line: [Supported LTO compression algorithms: zlib zstd]
  ignore line: [gcc version 12.2.1 20221020 [revision 0aaef83351473e8f4eb774f8f999bbe87a4866d7] (SUSE Linux) ]
  ignore line: [COLLECT_GCC_OPTIONS='-v' '-o' 'CMakeFiles/cmTC_160c0.dir/CMakeCXXCompilerABI.cpp.o' '-c' '-shared-libgcc' '-mtune=generic' '-march=x86-64' '-dumpdir' 'CMakeFiles/cmTC_160c0.dir/']
  ignore line: [ /usr/lib64/gcc/x86_64-suse-linux/12/cc1plus -quiet -v -D_GNU_SOURCE /usr/share/cmake/Modules/CMakeCXXCompilerABI.cpp -quiet -dumpdir CMakeFiles/cmTC_160c0.dir/ -dumpbase CMakeCXXCompilerABI.cpp.cpp -dumpbase-ext .cpp -mtune=generic -march=x86-64 -version -o /tmp/cchsbwAb.s]
  ignore line: [GNU C++17 (SUSE Linux) version 12.2.1 20221020 [revision 0aaef83351473e8f4eb774f8f999bbe87a4866d7] (x86_64-suse-linux)]
  ignore line: [	compiled by GNU C version 12.2.1 20221020 [revision 0aaef83351473e8f4eb774f8f999bbe87a4866d7]  GMP version 6.2.1  MPFR version 4.1.0-p7  MPC version 1.2.1  isl version isl-0.25-GMP]
  ignore line: []
  ignore line: [GGC heuristics: --param ggc-min-expand=100 --param ggc-min-heapsize=131072]
  ignore line: [#include "..." search starts here:]
  ignore line: [#include <...> search starts here:]
  ignore line: [ /usr/include/c++/12]
  ignore line: [ /usr/include/c++/12/x86_64-suse-linux]
  ignore line: [ /usr/include/c++/12/backward]
  ignore line: [ /usr/lib64/gcc/x86_64-suse-linux/12/include]
  ignore line: [ /usr/local/include]
  ignore line: [ /usr/lib64/gcc/x86_64-suse-linux/12/include-fixed]
  ignore line: [ /usr/lib64/gcc/x86_64-suse-linux/12/../../../../x86_64-suse-linux/include]
  ignore line: [ /usr/include]
  ignore line: [End of search list.]
  ignore line: [GNU C++17 (SUSE Linux) version 12.2.1 20221020 [revision 0aaef83351473e8f4eb774f8f999bbe87a4866d7] (x86_64-suse-linux)]
  ignore line: [	compiled by GNU C version 12.2.1 20221020 [revision 0aaef83351473e8f4eb774f8f999bbe87a4866d7]  GMP version 6.2.1  MPFR version 4.1.0-p7  MPC version 1.2.1  isl version isl-0.25-GMP]
  ignore line: []
  ignore line: [GGC heuristics: --param ggc-min-expand=100 --param ggc-min-heapsize=131072]
  ignore line: [Compiler executable checksum: 00000000000000000000000000000000]
  ignore line: [COLLECT_GCC_OPTIONS='-v' '-o' 'CMakeFiles/cmTC_160c0.dir/CMakeCXXCompilerABI.cpp.o' '-c' '-shared-libgcc' '-mtune=generic' '-march=x86-64' '-dumpdir' 'CMakeFiles/cmTC_160c0.dir/']
  ignore line: [ /usr/lib64/gcc/x86_64-suse-linux/12/../../../../x86_64-suse-linux/bin/as -v --64 -o CMakeFiles/cmTC_160c0.dir/CMakeCXXCompilerABI.cpp.o /tmp/cchsbwAb.s]
  ignore line: [GNU assembler version 2.39.0 (x86_64-suse-linux) using BFD version (GNU Binutils]
  ignore line: [ openSUSE Tumbleweed) 2.39.0.20220810-1]
  ignore line: [COMPILER_PATH=/usr/lib64/gcc/x86_64-suse-linux/12/:/usr/lib64/gcc/x86_64-suse-linux/12/:/usr/lib64/gcc/x86_64-suse-linux/:/usr/lib64/gcc/x86_64-suse-linux/12/:/usr/lib64/gcc/x86_64-suse-linux/:/usr/lib64/gcc/x86_64-suse-linux/12/../../../../x86_64-suse-linux/bin/]
  ignore line: [LIBRARY_PATH=/usr/lib64/gcc/x86_64-suse-linux/12/:/usr/lib64/gcc/x86_64-suse-linux/12/../../../../lib64/:/lib/../lib64/:/usr/lib/../lib64/:/usr/lib64/gcc/x86_64-suse-linux/12/../../../../x86_64-suse-linux/lib/:/usr/lib64/gcc/x86_64-suse-linux/12/../../../:/lib/:/usr/lib/]
  ignore line: [COLLECT_GCC_OPTIONS='-v' '-o' 'CMakeFiles/cmTC_160c0.dir/CMakeCXXCompilerABI.cpp.o' '-c' '-shared-libgcc' '-mtune=generic' '-march=x86-64' '-dumpdir' 'CMakeFiles/cmTC_160c0.dir/CMakeCXXCompilerABI.cpp.']
  ignore line: [[2/2] Linking CXX executable cmTC_160c0]
  ignore line: [Using built-in specs.]
  ignore line: [COLLECT_GCC=/usr/bin/c++]
  ignore line: [COLLECT_LTO_WRAPPER=/usr/lib64/gcc/x86_64-suse-linux/12/lto-wrapper]
  ignore line: [OFFLOAD_TARGET_NAMES=nvptx-none:amdgcn-amdhsa]
  ignore line: [OFFLOAD_TARGET_DEFAULT=1]
  ignore line: [Target: x86_64-suse-linux]
  ignore line: [Configured with: ../configure --prefix=/usr --infodir=/usr/share/info --mandir=/usr/share/man --libdir=/usr/lib64 --libexecdir=/usr/lib64 --enable-languages=c c++ objc fortran obj-c++ ada go d jit --enable-offload-targets=nvptx-none amdgcn-amdhsa  --enable-offload-defaulted --without-cuda-driver --enable-host-shared --enable-checking=release --disable-werror --with-gxx-include-dir=/usr/include/c++/12 --enable-ssp --disable-libssp --disable-libvtv --enable-cet=auto --disable-libcc1 --enable-plugin --with-bugurl=https://bugs.opensuse.org/ --with-pkgversion='SUSE Linux' --with-slibdir=/lib64 --with-system-zlib --enable-libstdcxx-allocator=new --disable-libstdcxx-pch --enable-libphobos --enable-version-specific-runtime-libs --with-gcc-major-version-only --enable-linker-build-id --enable-linux-futex --enable-gnu-indirect-function --program-suffix=-12 --without-system-libunwind --enable-multilib --with-arch-32=x86-64 --with-tune=generic --with-build-config=bootstrap-lto-lean --enable-link-mutex --build=x86_64-suse-linux --host=x86_64-suse-linux]
  ignore line: [Thread model: posix]
  ignore line: [Supported LTO compression algorithms: zlib zstd]
  ignore line: [gcc version 12.2.1 20221020 [revision 0aaef83351473e8f4eb774f8f999bbe87a4866d7] (SUSE Linux) ]
  ignore line: [COMPILER_PATH=/usr/lib64/gcc/x86_64-suse-linux/12/:/usr/lib64/gcc/x86_64-suse-linux/12/:/usr/lib64/gcc/x86_64-suse-linux/:/usr/lib64/gcc/x86_64-suse-linux/12/:/usr/lib64/gcc/x86_64-suse-linux/:/usr/lib64/gcc/x86_64-suse-linux/12/../../../../x86_64-suse-linux/bin/]
  ignore line: [LIBRARY_PATH=/usr/lib64/gcc/x86_64-suse-linux/12/:/usr/lib64/gcc/x86_64-suse-linux/12/../../../../lib64/:/lib/../lib64/:/usr/lib/../lib64/:/usr/lib64/gcc/x86_64-suse-linux/12/../../../../x86_64-suse-linux/lib/:/usr/lib64/gcc/x86_64-suse-linux/12/../../../:/lib/:/usr/lib/]
  ignore line: [COLLECT_GCC_OPTIONS='-v' '-o' 'cmTC_160c0' '-shared-libgcc' '-mtune=generic' '-march=x86-64' '-dumpdir' 'cmTC_160c0.']
  link line: [ /usr/lib64/gcc/x86_64-suse-linux/12/collect2 -plugin /usr/lib64/gcc/x86_64-suse-linux/12/liblto_plugin.so -plugin-opt=/usr/lib64/gcc/x86_64-suse-linux/12/lto-wrapper -plugin-opt=-fresolution=/tmp/ccZI7Ivk.res -plugin-opt=-pass-through=-lgcc_s -plugin-opt=-pass-through=-lgcc -plugin-opt=-pass-through=-lc -plugin-opt=-pass-through=-lgcc_s -plugin-opt=-pass-through=-lgcc --build-id --eh-frame-hdr -m elf_x86_64 -dynamic-linker /lib64/ld-linux-x86-64.so.2 -o cmTC_160c0 /usr/lib64/gcc/x86_64-suse-linux/12/../../../../lib64/crt1.o /usr/lib64/gcc/x86_64-suse-linux/12/../../../../lib64/crti.o /usr/lib64/gcc/x86_64-suse-linux/12/crtbegin.o -L/usr/lib64/gcc/x86_64-suse-linux/12 -L/usr/lib64/gcc/x86_64-suse-linux/12/../../../../lib64 -L/lib/../lib64 -L/usr/lib/../lib64 -L/usr/lib64/gcc/x86_64-suse-linux/12/../../../../x86_64-suse-linux/lib -L/usr/lib64/gcc/x86_64-suse-linux/12/../../.. CMakeFiles/cmTC_160c0.dir/CMakeCXXCompilerABI.cpp.o -lstdc++ -lm -lgcc_s -lgcc -lc -lgcc_s -lgcc /usr/lib64/gcc/x86_64-suse-linux/12/crtend.o /usr/lib64/gcc/x86_64-suse-linux/12/../../../../lib64/crtn.o]
    arg [/usr/lib64/gcc/x86_64-suse-linux/12/collect2] ==> ignore
    arg [-plugin] ==> ignore
    arg [/usr/lib64/gcc/x86_64-suse-linux/12/liblto_plugin.so] ==> ignore
    arg [-plugin-opt=/usr/lib64/gcc/x86_64-suse-linux/12/lto-wrapper] ==> ignore
    arg [-plugin-opt=-fresolution=/tmp/ccZI7Ivk.res] ==> ignore
    arg [-plugin-opt=-pass-through=-lgcc_s] ==> ignore
    arg [-plugin-opt=-pass-through=-lgcc] ==> ignore
    arg [-plugin-opt=-pass-through=-lc] ==> ignore
    arg [-plugin-opt=-pass-through=-lgcc_s] ==> ignore
    arg [-plugin-opt=-pass-through=-lgcc] ==> ignore
    arg [--build-id] ==> ignore
    arg [--eh-frame-hdr] ==> ignore
    arg [-m] ==> ignore
    arg [elf_x86_64] ==> ignore
    arg [-dynamic-linker] ==> ignore
    arg [/lib64/ld-linux-x86-64.so.2] ==> ignore
    arg [-o] ==> ignore
    arg [cmTC_160c0] ==> ignore
    arg [/usr/lib64/gcc/x86_64-suse-linux/12/../../../../lib64/crt1.o] ==> obj [/usr/lib64/gcc/x86_64-suse-linux/12/../../../../lib64/crt1.o]
    arg [/usr/lib64/gcc/x86_64-suse-linux/12/../../../../lib64/crti.o] ==> obj [/usr/lib64/gcc/x86_64-suse-linux/12/../../../../lib64/crti.o]
    arg [/usr/lib64/gcc/x86_64-suse-linux/12/crtbegin.o] ==> obj [/usr/lib64/gcc/x86_64-suse-linux/12/crtbegin.o]
    arg [-L/usr/lib64/gcc/x86_64-suse-linux/12] ==> dir [/usr/lib64/gcc/x86_64-suse-linux/12]
    arg [-L/usr/lib64/gcc/x86_64-suse-linux/12/../../../../lib64] ==> dir [/usr/lib64/gcc/x86_64-suse-linux/12/../../../../lib64]
    arg [-L/lib/../lib64] ==> dir [/lib/../lib64]
    arg [-L/usr/lib/../lib64] ==> dir [/usr/lib/../lib64]
    arg [-L/usr/lib64/gcc/x86_64-suse-linux/12/../../../../x86_64-suse-linux/lib] ==> dir [/usr/lib64/gcc/x86_64-suse-linux/12/../../../../x86_64-suse-linux/lib]
    arg [-L/usr/lib64/gcc/x86_64-suse-linux/12/../../..] ==> dir [/usr/lib64/gcc/x86_64-suse-linux/12/../../..]
    arg [CMakeFiles/cmTC_160c0.dir/CMakeCXXCompilerABI.cpp.o] ==> ignore
    arg [-lstdc++] ==> lib [stdc++]
    arg [-lm] ==> lib [m]
    arg [-lgcc_s] ==> lib [gcc_s]
    arg [-lgcc] ==> lib [gcc]
    arg [-lc] ==> lib [c]
    arg [-lgcc_s] ==> lib [gcc_s]
    arg [-lgcc] ==> lib [gcc]
    arg [/usr/lib64/gcc/x86_64-suse-linux/12/crtend.o] ==> obj [/usr/lib64/gcc/x86_64-suse-linux/12/crtend.o]
    arg [/usr/lib64/gcc/x86_64-suse-linux/12/../../../../lib64/crtn.o] ==> obj [/usr/lib64/gcc/x86_64-suse-linux/12/../../../../lib64/crtn.o]
  collapse obj [/usr/lib64/gcc/x86_64-suse-linux/12/../../../../lib64/crt1.o] ==> [/usr/lib64/crt1.o]
  collapse obj [/usr/lib64/gcc/x86_64-suse-linux/12/../../../../lib64/crti.o] ==> [/usr/lib64/crti.o]
  collapse obj [/usr/lib64/gcc/x86_64-suse-linux/12/../../../../lib64/crtn.o] ==> [/usr/lib64/crtn.o]
  collapse library dir [/usr/lib64/gcc/x86_64-suse-linux/12] ==> [/usr/lib64/gcc/x86_64-suse-linux/12]
  collapse library dir [/usr/lib64/gcc/x86_64-suse-linux/12/../../../../lib64] ==> [/usr/lib64]
  collapse library dir [/lib/../lib64] ==> [/lib64]
  collapse library dir [/usr/lib/../lib64] ==> [/usr/lib64]
  collapse library dir [/usr/lib64/gcc/x86_64-suse-linux/12/../../../../x86_64-suse-linux/lib] ==> [/usr/x86_64-suse-linux/lib]
  collapse library dir [/usr/lib64/gcc/x86_64-suse-linux/12/../../..] ==> [/usr/lib64]
  implicit libs: [stdc++;m;gcc_s;gcc;c;gcc_s;gcc]
  implicit objs: [/usr/lib64/crt1.o;/usr/lib64/crti.o;/usr/lib64/gcc/x86_64-suse-linux/12/crtbegin.o;/usr/lib64/gcc/x86_64-suse-linux/12/crtend.o;/usr/lib64/crtn.o]
  implicit dirs: [/usr/lib64/gcc/x86_64-suse-linux/12;/usr/lib64;/lib64;/usr/x86_64-suse-linux/lib]
  implicit fwks: []


Performing C SOURCE FILE Test CMAKE_HAVE_LIBC_PTHREAD succeeded with the following output:
Change Dir: /home/keit/projects/PlastikStyle/build/CMakeFiles/CMakeTmp

Run Build Command(s):/usr/bin/ninja cmTC_1d624 && [1/2] Building C object CMakeFiles/cmTC_1d624.dir/src.c.o
[2/2] Linking C executable cmTC_1d624


Source file was:
#include <pthread.h>

static void* test_func(void* data)
{
  return data;
}

int main(void)
{
  pthread_t thread;
  pthread_create(&thread, NULL, test_func, NULL);
  pthread_detach(thread);
  pthread_cancel(thread);
  pthread_join(thread, NULL);
  pthread_atfork(NULL, NULL, NULL);
  pthread_exit(NULL);

  return 0;
}

Performing C++ SOURCE FILE Test HAVE_STDATOMIC succeeded with the following output:
Change Dir: /home/keit/projects/PlastikStyle/build/CMakeFiles/CMakeTmp

Run Build Command(s):/usr/bin/ninja cmTC_a78c3 && [1/2] Building CXX object CMakeFiles/cmTC_a78c3.dir/src.cxx.o
[2/2] Linking CXX executable cmTC_a78c3


Source file was:
#include <atomic>
#include <cstdint>

int main(int, char **)
{
    volatile std::atomic<char>    size_1;
    volatile std::atomic<short>   size_2;
    volatile std::atomic<int>     size_4;
    volatile std::atomic<int64_t> size_8;

    ++size_1;
    ++size_2;
    ++size_4;
    ++size_8;

    (void)size_1.load(std::memory_order_relaxed);
    (void)size_2.load(std::memory_order_relaxed);
    (void)size_4.load(std::memory_order_relaxed);
    (void)size_8.load(std::memory_order_relaxed);

    return 0;
}
